time="2025-08-22T00:09:11+07:00" level=info msg="3 starting prepare thread"
time="2025-08-22T00:09:11+07:00" level=info msg="3 starting commit thread"
time="2025-08-22T00:09:11+07:00" level=info msg="3 starting rpc server at 0.0.0.0:13000"
time="2025-08-22T00:09:11+07:00" level=info msg="3 starting executor thread\n"
time="2025-08-22T00:09:11+07:00" level=info msg="3 starting server at port 13001\n"
time="2025-08-22T00:09:11+07:00" level=info msg="3 <--prepare-- 2"
time="2025-08-22T00:09:11+07:00" level=info msg="3 became a follower: ballot: 15 -> 1794\n"
time="2025-08-22T00:09:11+07:00" level=info msg="3 <--commit-- 2"
time="2025-08-22T00:09:11+07:00" level=info msg="3 <--prepare-- 0"
time="2025-08-22T00:09:11+07:00" level=info msg="3 <--commit-- 0"
time="2025-08-22T00:09:11+07:00" level=info msg="3 <--commit-- 0"
time="2025-08-22T00:09:12+07:00" level=info msg="3 <--commit-- 0"
time="2025-08-22T00:09:12+07:00" level=info msg="3 <--commit-- 0"
time="2025-08-22T00:09:12+07:00" level=info msg="3 <--commit-- 0"
time="2025-08-22T00:09:12+07:00" level=info msg="3 <--prepare-- 4"
time="2025-08-22T00:09:13+07:00" level=info msg="3 <--commit-- 0"
time="2025-08-22T00:09:13+07:00" level=info msg="3 <--commit-- 0"
time="2025-08-22T00:09:13+07:00" level=info msg="3 <--prepare-- 4"
time="2025-08-22T00:09:13+07:00" level=info msg="3 <--commit-- 4"
time="2025-08-22T00:09:13+07:00" level=info msg="3 <--commit-- 4"
time="2025-08-22T00:09:14+07:00" level=info msg="3 <--commit-- 4"
time="2025-08-22T00:09:14+07:00" level=info msg="3 <--commit-- 4"
time="2025-08-22T00:09:14+07:00" level=info msg="3 <--commit-- 4"
time="2025-08-22T00:09:14+07:00" level=info msg="3 <--commit-- 4"
time="2025-08-22T00:09:15+07:00" level=info msg="3 <--commit-- 4"
time="2025-08-22T00:09:15+07:00" level=info msg="3 <--commit-- 4"
time="2025-08-22T00:09:15+07:00" level=info msg="3 <--commit-- 4"
time="2025-08-22T00:09:16+07:00" level=info msg="3 <--commit-- 4"
time="2025-08-22T00:09:16+07:00" level=error msg="accept tcp [::]:13001: use of closed network connection"
