time="2025-08-22T00:09:10+07:00" level=info msg="2 starting prepare thread"
time="2025-08-22T00:09:10+07:00" level=info msg="2 starting commit thread"
time="2025-08-22T00:09:10+07:00" level=info msg="2 starting rpc server at 0.0.0.0:12000"
time="2025-08-22T00:09:10+07:00" level=info msg="2 starting executor thread\n"
time="2025-08-22T00:09:10+07:00" level=info msg="2 starting server at port 12001\n"
time="2025-08-22T00:09:10+07:00" level=info msg="2 sent prepare request to 4"
time="2025-08-22T00:09:10+07:00" level=info msg="2 sent prepare request to 3"
time="2025-08-22T00:09:10+07:00" level=info msg="2 sent prepare request to 1"
time="2025-08-22T00:09:10+07:00" level=info msg="2 became a follower: ballot: 15 -> 1280\n"
time="2025-08-22T00:09:10+07:00" level=info msg="2 sent prepare request to 0"
time="2025-08-22T00:09:11+07:00" level=info msg="2 sent prepare request to 4"
time="2025-08-22T00:09:11+07:00" level=info msg="2 sent prepare request to 0"
time="2025-08-22T00:09:11+07:00" level=info msg="2 sent prepare request to 1"
time="2025-08-22T00:09:11+07:00" level=info msg="2 sent prepare request to 3"
time="2025-08-22T00:09:11+07:00" level=info msg="2 became a leader: ballot: 2049 -> 1794\n"
time="2025-08-22T00:09:11+07:00" level=info msg="2 sent commit request to 4"
time="2025-08-22T00:09:11+07:00" level=info msg="2 sent commit request to 3"
time="2025-08-22T00:09:11+07:00" level=info msg="2 sent commit request to 0"
time="2025-08-22T00:09:11+07:00" level=info msg="2 became a follower: ballot: 1794 -> 2049\n"
time="2025-08-22T00:09:11+07:00" level=info msg="2 sent commit request to 1"
time="2025-08-22T00:09:11+07:00" level=info msg="2 <--prepare-- 0"
time="2025-08-22T00:09:11+07:00" level=info msg="2 <--commit-- 0"
time="2025-08-22T00:09:11+07:00" level=info msg="2 <--commit-- 0"
time="2025-08-22T00:09:12+07:00" level=info msg="2 <--commit-- 0"
time="2025-08-22T00:09:12+07:00" level=info msg="2 <--commit-- 0"
time="2025-08-22T00:09:12+07:00" level=info msg="2 <--commit-- 0"
time="2025-08-22T00:09:12+07:00" level=info msg="2 <--prepare-- 4"
time="2025-08-22T00:09:13+07:00" level=info msg="2 <--commit-- 0"
time="2025-08-22T00:09:13+07:00" level=info msg="2 <--commit-- 0"
time="2025-08-22T00:09:13+07:00" level=info msg="2 <--prepare-- 4"
time="2025-08-22T00:09:13+07:00" level=info msg="2 <--commit-- 4"
time="2025-08-22T00:09:13+07:00" level=info msg="2 <--commit-- 4"
time="2025-08-22T00:09:14+07:00" level=info msg="2 <--commit-- 4"
time="2025-08-22T00:09:14+07:00" level=info msg="2 <--commit-- 4"
time="2025-08-22T00:09:14+07:00" level=info msg="2 <--commit-- 4"
time="2025-08-22T00:09:14+07:00" level=info msg="2 <--commit-- 4"
time="2025-08-22T00:09:15+07:00" level=info msg="2 <--commit-- 4"
time="2025-08-22T00:09:15+07:00" level=info msg="2 <--commit-- 4"
time="2025-08-22T00:09:15+07:00" level=info msg="2 <--commit-- 4"
time="2025-08-22T00:09:16+07:00" level=info msg="2 <--commit-- 4"
time="2025-08-22T00:09:16+07:00" level=error msg="accept tcp [::]:12001: use of closed network connection"
