time="2025-08-22T00:09:08+07:00" level=info msg="0 starting prepare thread"
time="2025-08-22T00:09:08+07:00" level=info msg="0 starting commit thread"
time="2025-08-22T00:09:08+07:00" level=info msg="0 starting rpc server at 0.0.0.0:10000"
time="2025-08-22T00:09:08+07:00" level=info msg="0 starting executor thread\n"
time="2025-08-22T00:09:08+07:00" level=info msg="0 starting server at port 10001\n"
time="2025-08-22T00:09:08+07:00" level=info msg="0 sent prepare request to 2"
time="2025-08-22T00:09:08+07:00" level=info msg="0 sent prepare request to 1"
time="2025-08-22T00:09:08+07:00" level=info msg="0 sent prepare request to 3"
time="2025-08-22T00:09:08+07:00" level=info msg="0 sent prepare request to 4"
time="2025-08-22T00:09:09+07:00" level=info msg="0 sent prepare request to 2"
time="2025-08-22T00:09:09+07:00" level=info msg="0 sent prepare request to 3"
time="2025-08-22T00:09:09+07:00" level=info msg="0 sent prepare request to 4"
time="2025-08-22T00:09:09+07:00" level=info msg="0 sent prepare request to 1"
time="2025-08-22T00:09:09+07:00" level=info msg="0 <--prepare-- 1"
time="2025-08-22T00:09:09+07:00" level=info msg="0 became a follower: ballot: 15 -> 513\n"
time="2025-08-22T00:09:09+07:00" level=info msg="0 sent prepare request to 4"
time="2025-08-22T00:09:09+07:00" level=info msg="0 sent prepare request to 2"
time="2025-08-22T00:09:09+07:00" level=info msg="0 sent prepare request to 3"
time="2025-08-22T00:09:09+07:00" level=info msg="0 sent prepare request to 1"
time="2025-08-22T00:09:10+07:00" level=info msg="0 <--prepare-- 1"
time="2025-08-22T00:09:10+07:00" level=info msg="0 sent prepare request to 4"
time="2025-08-22T00:09:10+07:00" level=info msg="0 sent prepare request to 2"
time="2025-08-22T00:09:10+07:00" level=info msg="0 sent prepare request to 3"
time="2025-08-22T00:09:10+07:00" level=info msg="0 sent prepare request to 1"
time="2025-08-22T00:09:10+07:00" level=info msg="0 <--prepare-- 1"
time="2025-08-22T00:09:10+07:00" level=info msg="0 <--prepare-- 2"
time="2025-08-22T00:09:11+07:00" level=info msg="0 sent prepare request to 2"
time="2025-08-22T00:09:11+07:00" level=info msg="0 sent prepare request to 3"
time="2025-08-22T00:09:11+07:00" level=info msg="0 sent prepare request to 4"
time="2025-08-22T00:09:11+07:00" level=info msg="0 sent prepare request to 1"
time="2025-08-22T00:09:11+07:00" level=info msg="0 <--prepare-- 1"
time="2025-08-22T00:09:11+07:00" level=info msg="0 <--prepare-- 2"
time="2025-08-22T00:09:11+07:00" level=info msg="0 <--commit-- 2"
time="2025-08-22T00:09:11+07:00" level=info msg="0 sent prepare request to 4"
time="2025-08-22T00:09:11+07:00" level=info msg="0 sent prepare request to 1"
time="2025-08-22T00:09:11+07:00" level=info msg="0 sent prepare request to 3"
time="2025-08-22T00:09:11+07:00" level=info msg="0 became a leader: ballot: 2049 -> 2304\n"
time="2025-08-22T00:09:11+07:00" level=info msg="0 sent prepare request to 2"
time="2025-08-22T00:09:11+07:00" level=info msg="0 sent commit request to 4"
time="2025-08-22T00:09:11+07:00" level=info msg="0 sent commit request to 2"
time="2025-08-22T00:09:11+07:00" level=info msg="0 sent commit request to 3"
time="2025-08-22T00:09:11+07:00" level=info msg="0 sent commit request to 1"
time="2025-08-22T00:09:11+07:00" level=info msg="0 sent commit request to 4"
time="2025-08-22T00:09:11+07:00" level=info msg="0 sent commit request to 2"
time="2025-08-22T00:09:11+07:00" level=info msg="0 sent commit request to 1"
time="2025-08-22T00:09:11+07:00" level=info msg="0 sent commit request to 3"
time="2025-08-22T00:09:12+07:00" level=info msg="0 sent commit request to 4"
time="2025-08-22T00:09:12+07:00" level=info msg="0 sent commit request to 2"
time="2025-08-22T00:09:12+07:00" level=info msg="0 sent commit request to 3"
time="2025-08-22T00:09:12+07:00" level=info msg="0 sent commit request to 1"
time="2025-08-22T00:09:12+07:00" level=info msg="0 sent commit request to 4"
time="2025-08-22T00:09:12+07:00" level=info msg="0 sent commit request to 3"
time="2025-08-22T00:09:12+07:00" level=info msg="0 sent commit request to 2"
time="2025-08-22T00:09:12+07:00" level=info msg="0 sent commit request to 1"
time="2025-08-22T00:09:12+07:00" level=info msg="0 sent commit request to 4"
time="2025-08-22T00:09:12+07:00" level=info msg="0 sent commit request to 2"
time="2025-08-22T00:09:12+07:00" level=info msg="0 sent commit request to 3"
time="2025-08-22T00:09:12+07:00" level=info msg="0 sent commit request to 1"
time="2025-08-22T00:09:12+07:00" level=info msg="0 <--prepare-- 4"
time="2025-08-22T00:09:13+07:00" level=info msg="0 sent commit request to 4"
time="2025-08-22T00:09:13+07:00" level=info msg="0 sent commit request to 1"
time="2025-08-22T00:09:13+07:00" level=info msg="0 sent commit request to 3"
time="2025-08-22T00:09:13+07:00" level=info msg="0 sent commit request to 2"
time="2025-08-22T00:09:13+07:00" level=info msg="0 sent commit request to 4"
time="2025-08-22T00:09:13+07:00" level=info msg="0 sent commit request to 2"
time="2025-08-22T00:09:13+07:00" level=info msg="0 sent commit request to 1"
time="2025-08-22T00:09:13+07:00" level=info msg="0 sent commit request to 3"
time="2025-08-22T00:09:13+07:00" level=info msg="0 <--prepare-- 4"
time="2025-08-22T00:09:13+07:00" level=info msg="0 became a follower: ballot: 2304 -> 2564\n"
time="2025-08-22T00:09:13+07:00" level=info msg="0 <--commit-- 4"
time="2025-08-22T00:09:13+07:00" level=info msg="0 <--commit-- 4"
time="2025-08-22T00:09:14+07:00" level=info msg="0 <--commit-- 4"
time="2025-08-22T00:09:14+07:00" level=info msg="0 <--commit-- 4"
time="2025-08-22T00:09:14+07:00" level=info msg="0 <--commit-- 4"
time="2025-08-22T00:09:14+07:00" level=info msg="0 <--commit-- 4"
time="2025-08-22T00:09:15+07:00" level=info msg="0 <--commit-- 4"
time="2025-08-22T00:09:15+07:00" level=info msg="0 <--commit-- 4"
time="2025-08-22T00:09:15+07:00" level=info msg="0 <--commit-- 4"
time="2025-08-22T00:09:16+07:00" level=info msg="0 <--commit-- 4"
time="2025-08-22T00:09:16+07:00" level=error msg="accept tcp [::]:10001: use of closed network connection"
