time="2025-08-22T00:09:09+07:00" level=info msg="1 starting prepare thread"
time="2025-08-22T00:09:09+07:00" level=info msg="1 starting commit thread"
time="2025-08-22T00:09:09+07:00" level=info msg="1 starting rpc server at 0.0.0.0:11000"
time="2025-08-22T00:09:09+07:00" level=info msg="1 starting executor thread\n"
time="2025-08-22T00:09:09+07:00" level=info msg="1 starting server at port 11001\n"
time="2025-08-22T00:09:09+07:00" level=info msg="1 <--prepare-- 0"
time="2025-08-22T00:09:09+07:00" level=info msg="1 became a follower: ballot: 15 -> 256\n"
time="2025-08-22T00:09:09+07:00" level=info msg="1 sent prepare request to 4"
time="2025-08-22T00:09:09+07:00" level=info msg="1 sent prepare request to 2"
time="2025-08-22T00:09:09+07:00" level=info msg="1 sent prepare request to 3"
time="2025-08-22T00:09:09+07:00" level=info msg="1 sent prepare request to 0"
time="2025-08-22T00:09:09+07:00" level=info msg="1 <--prepare-- 0"
time="2025-08-22T00:09:10+07:00" level=info msg="1 sent prepare request to 2"
time="2025-08-22T00:09:10+07:00" level=info msg="1 sent prepare request to 4"
time="2025-08-22T00:09:10+07:00" level=info msg="1 sent prepare request to 3"
time="2025-08-22T00:09:10+07:00" level=info msg="1 sent prepare request to 0"
time="2025-08-22T00:09:10+07:00" level=info msg="1 <--prepare-- 0"
time="2025-08-22T00:09:10+07:00" level=info msg="1 sent prepare request to 4"
time="2025-08-22T00:09:10+07:00" level=info msg="1 sent prepare request to 2"
time="2025-08-22T00:09:10+07:00" level=info msg="1 sent prepare request to 3"
time="2025-08-22T00:09:10+07:00" level=info msg="1 sent prepare request to 0"
time="2025-08-22T00:09:10+07:00" level=info msg="1 <--prepare-- 2"
time="2025-08-22T00:09:11+07:00" level=info msg="1 <--prepare-- 0"
time="2025-08-22T00:09:11+07:00" level=info msg="1 sent prepare request to 4"
time="2025-08-22T00:09:11+07:00" level=info msg="1 sent prepare request to 2"
time="2025-08-22T00:09:11+07:00" level=info msg="1 sent prepare request to 3"
time="2025-08-22T00:09:11+07:00" level=info msg="1 sent prepare request to 0"
time="2025-08-22T00:09:11+07:00" level=info msg="1 <--prepare-- 2"
time="2025-08-22T00:09:11+07:00" level=info msg="1 <--commit-- 2"
time="2025-08-22T00:09:11+07:00" level=info msg="1 <--prepare-- 0"
time="2025-08-22T00:09:11+07:00" level=info msg="1 <--commit-- 0"
time="2025-08-22T00:09:11+07:00" level=info msg="1 <--commit-- 0"
time="2025-08-22T00:09:12+07:00" level=info msg="1 <--commit-- 0"
time="2025-08-22T00:09:12+07:00" level=info msg="1 <--commit-- 0"
time="2025-08-22T00:09:12+07:00" level=info msg="1 <--commit-- 0"
time="2025-08-22T00:09:12+07:00" level=info msg="1 <--prepare-- 4"
time="2025-08-22T00:09:13+07:00" level=info msg="1 <--commit-- 0"
time="2025-08-22T00:09:13+07:00" level=info msg="1 <--commit-- 0"
time="2025-08-22T00:09:13+07:00" level=info msg="1 <--prepare-- 4"
time="2025-08-22T00:09:13+07:00" level=info msg="1 <--commit-- 4"
time="2025-08-22T00:09:13+07:00" level=info msg="1 <--commit-- 4"
time="2025-08-22T00:09:14+07:00" level=info msg="1 <--commit-- 4"
time="2025-08-22T00:09:14+07:00" level=info msg="1 <--commit-- 4"
time="2025-08-22T00:09:14+07:00" level=info msg="1 <--commit-- 4"
time="2025-08-22T00:09:14+07:00" level=info msg="1 <--commit-- 4"
time="2025-08-22T00:09:15+07:00" level=info msg="1 <--commit-- 4"
time="2025-08-22T00:09:15+07:00" level=info msg="1 <--commit-- 4"
time="2025-08-22T00:09:15+07:00" level=info msg="1 <--commit-- 4"
time="2025-08-22T00:09:16+07:00" level=info msg="1 <--commit-- 4"
time="2025-08-22T00:09:16+07:00" level=error msg="accept tcp [::]:11001: use of closed network connection"
